<?xml version='1.0' encoding='UTF-8'?>
<testsuite hostname="LAPTOP-H2UUVAP7" name="LocationMatcherTest" tests="4" errors="0" failures="0" skipped="0" time="0.039" timestamp="2023-06-27T19:06:56">
          <properties>
[...]
</properties>
          <testcase classname="LocationMatcherTest" name="ReadJSON should return an empty list of matched results when no locations and regions are provided" time="0.023">
                      
                    </testcase><testcase classname="LocationMatcherTest" name="ReadJSON should return an empty list of matched results when locations and regions are provided, but there are no matches" time="0.002">
                      
                    </testcase><testcase classname="LocationMatcherTest" name="ReadJSON should match locations to regions" time="0.013">
                      
                    </testcase><testcase classname="LocationMatcherTest" name="ReadJSON should handle overlapping regions" time="0.001">
                      
                    </testcase>
          <system-out><![CDATA[]]></system-out>
          <system-err><![CDATA[]]></system-err>
        </testsuite>